1676227346534	geckodriver	INFO	Listening on 127.0.0.1:59681
1676227346625	mozrunner::runner	INFO	Running command: "/usr/bin/firefox" "--marionette" "--remote-debugging-port" "44687" "--remote-allow-hosts" "localhost" "-no-remote" "-profile" "/tmp/rust_mozprofiledfBc0V"
1676227347430	Marionette	INFO	Marionette enabled
1676227347435	Marionette	INFO	Listening on port 39857
Read port: 39857
WebDriver BiDi listening on ws://127.0.0.1:44687
1676227347653	RemoteAgent	WARN	TLS certificate errors will be ignored for this session
console.warn: SearchSettings: "get: No settings file exists, new profile?" (new NotFoundError("Could not open the file at /tmp/rust_mozprofiledfBc0V/search.json.mozlz4", (void 0)))
DevTools listening on ws://127.0.0.1:44687/devtools/browser/240008e4-bb88-43df-a65a-a2e7cf58ef6f
ATTENTION: default value of option mesa_glthread overridden by environment.
JavaScript warning: https://static.xx.fbcdn.net/rsrc.php/v3ifbU4/yy/l/en_US/vPjrQDaHGGk.js?_nc_x=Ij3Wp8lg5Kz, line 38: WEBGL_debug_renderer_info is deprecated in Firefox and will be removed. Please use RENDERER.
1676227427110	geckodriver	INFO	Listening on 127.0.0.1:50813
1676227427172	mozrunner::runner	INFO	Running command: "/usr/bin/firefox" "--marionette" "--remote-debugging-port" "53741" "--remote-allow-hosts" "localhost" "-no-remote" "-profile" "/tmp/rust_mozprofileJzBRIr"
1676227427836	Marionette	INFO	Marionette enabled
1676227427841	Marionette	INFO	Listening on port 38687
Read port: 38687
WebDriver BiDi listening on ws://127.0.0.1:53741
1676227428017	RemoteAgent	WARN	TLS certificate errors will be ignored for this session
console.warn: SearchSettings: "get: No settings file exists, new profile?" (new NotFoundError("Could not open the file at /tmp/rust_mozprofileJzBRIr/search.json.mozlz4", (void 0)))
DevTools listening on ws://127.0.0.1:53741/devtools/browser/69867042-4763-49de-8599-fd1bb1ecac34
ATTENTION: default value of option mesa_glthread overridden by environment.
JavaScript warning: https://static.xx.fbcdn.net/rsrc.php/v3ifbU4/yy/l/en_US/vPjrQDaHGGk.js?_nc_x=Ij3Wp8lg5Kz, line 38: WEBGL_debug_renderer_info is deprecated in Firefox and will be removed. Please use RENDERER.
1676227438829	Marionette	INFO	Stopped listening on port 38687
console.warn: LoginRecipes: "Falling back to a synchronous message for: https://www.facebook.com."
console.warn: LoginRecipes: "Falling back to a synchronous message for: https://www.facebook.com."
ATTENTION: default value of option mesa_glthread overridden by environment.
JavaScript warning: https://static.xx.fbcdn.net/rsrc.php/v3iPDG4/y6/l/makehaste_jhash/DvSzu4x6CZH.js?_nc_x=NWMOTEfoJhg, line 154: WEBGL_debug_renderer_info is deprecated in Firefox and will be removed. Please use RENDERER.
1676227675969	geckodriver	INFO	Listening on 127.0.0.1:36639
1676227676037	mozrunner::runner	INFO	Running command: "/usr/bin/firefox" "--marionette" "--remote-debugging-port" "47567" "--remote-allow-hosts" "localhost" "-no-remote" "-profile" "/tmp/rust_mozprofileGMAi4a"
1676227676738	Marionette	INFO	Marionette enabled
1676227676743	Marionette	INFO	Listening on port 34325
Read port: 34325
WebDriver BiDi listening on ws://127.0.0.1:47567
1676227676944	RemoteAgent	WARN	TLS certificate errors will be ignored for this session
console.warn: SearchSettings: "get: No settings file exists, new profile?" (new NotFoundError("Could not open the file at /tmp/rust_mozprofileGMAi4a/search.json.mozlz4", (void 0)))
DevTools listening on ws://127.0.0.1:47567/devtools/browser/992bf106-9ef6-4a4a-b903-a5ea343e6cf5
ATTENTION: default value of option mesa_glthread overridden by environment.
JavaScript warning: https://static.xx.fbcdn.net/rsrc.php/v3ifbU4/yy/l/en_US/vPjrQDaHGGk.js?_nc_x=Ij3Wp8lg5Kz, line 38: WEBGL_debug_renderer_info is deprecated in Firefox and will be removed. Please use RENDERER.
1676227685724	Marionette	INFO	Stopped listening on port 34325
1676228405621	geckodriver	INFO	Listening on 127.0.0.1:49643
1676228405690	mozrunner::runner	INFO	Running command: "/usr/bin/firefox" "--marionette" "--remote-debugging-port" "39051" "--remote-allow-hosts" "localhost" "-no-remote" "-profile" "/tmp/rust_mozprofileXubYvE"
1676228406735	Marionette	INFO	Marionette enabled
1676228406740	Marionette	INFO	Listening on port 43659
Read port: 43659
WebDriver BiDi listening on ws://127.0.0.1:39051
1676228407447	RemoteAgent	WARN	TLS certificate errors will be ignored for this session
console.warn: SearchSettings: "get: No settings file exists, new profile?" (new NotFoundError("Could not open the file at /tmp/rust_mozprofileXubYvE/search.json.mozlz4", (void 0)))
DevTools listening on ws://127.0.0.1:39051/devtools/browser/abe8f6b0-56cb-4758-9b14-f050a6839fde
ATTENTION: default value of option mesa_glthread overridden by environment.
JavaScript warning: https://static.xx.fbcdn.net/rsrc.php/v3ifbU4/yy/l/en_US/vPjrQDaHGGk.js?_nc_x=Ij3Wp8lg5Kz, line 38: WEBGL_debug_renderer_info is deprecated in Firefox and will be removed. Please use RENDERER.
1676228514029	geckodriver	INFO	Listening on 127.0.0.1:59145
1676228514131	mozrunner::runner	INFO	Running command: "/usr/bin/firefox" "--marionette" "--remote-debugging-port" "59275" "--remote-allow-hosts" "localhost" "-no-remote" "-profile" "/tmp/rust_mozprofilekWPOK9"
1676228514822	Marionette	INFO	Marionette enabled
1676228514827	Marionette	INFO	Listening on port 39657
Read port: 39657
WebDriver BiDi listening on ws://127.0.0.1:59275
1676228515005	RemoteAgent	WARN	TLS certificate errors will be ignored for this session
console.warn: SearchSettings: "get: No settings file exists, new profile?" (new NotFoundError("Could not open the file at /tmp/rust_mozprofilekWPOK9/search.json.mozlz4", (void 0)))
DevTools listening on ws://127.0.0.1:59275/devtools/browser/02dba305-2852-439f-9d81-3f70a764fe6d
ATTENTION: default value of option mesa_glthread overridden by environment.
JavaScript warning: https://static.xx.fbcdn.net/rsrc.php/v3ifbU4/yy/l/en_US/vPjrQDaHGGk.js?_nc_x=Ij3Wp8lg5Kz, line 38: WEBGL_debug_renderer_info is deprecated in Firefox and will be removed. Please use RENDERER.
1676228551933	Marionette	INFO	Stopped listening on port 39657
1676228553235	Marionette	INFO	Stopped listening on port 43659
1676228557358	geckodriver	INFO	Listening on 127.0.0.1:43075
1676228557445	mozrunner::runner	INFO	Running command: "/usr/bin/firefox" "--marionette" "--remote-debugging-port" "38395" "--remote-allow-hosts" "localhost" "-no-remote" "-profile" "/tmp/rust_mozprofilehI5Ahk"
1676228558167	Marionette	INFO	Marionette enabled
1676228558172	Marionette	INFO	Listening on port 44503
Read port: 44503
WebDriver BiDi listening on ws://127.0.0.1:38395
1676228558395	RemoteAgent	WARN	TLS certificate errors will be ignored for this session
console.warn: SearchSettings: "get: No settings file exists, new profile?" (new NotFoundError("Could not open the file at /tmp/rust_mozprofilehI5Ahk/search.json.mozlz4", (void 0)))
DevTools listening on ws://127.0.0.1:38395/devtools/browser/978819f7-c4ff-4025-a91d-196c2d35af00
ATTENTION: default value of option mesa_glthread overridden by environment.
JavaScript warning: https://static.xx.fbcdn.net/rsrc.php/v3ifbU4/yy/l/en_US/vPjrQDaHGGk.js?_nc_x=Ij3Wp8lg5Kz, line 38: WEBGL_debug_renderer_info is deprecated in Firefox and will be removed. Please use RENDERER.
1676228591505	geckodriver	INFO	Listening on 127.0.0.1:57435
1676228591574	mozrunner::runner	INFO	Running command: "/usr/bin/firefox" "--marionette" "--remote-debugging-port" "53981" "--remote-allow-hosts" "localhost" "-no-remote" "-profile" "/tmp/rust_mozprofile3cjqUb"
1676228592319	Marionette	INFO	Marionette enabled
1676228592324	Marionette	INFO	Listening on port 38189
Read port: 38189
WebDriver BiDi listening on ws://127.0.0.1:53981
1676228592515	RemoteAgent	WARN	TLS certificate errors will be ignored for this session
console.warn: SearchSettings: "get: No settings file exists, new profile?" (new NotFoundError("Could not open the file at /tmp/rust_mozprofile3cjqUb/search.json.mozlz4", (void 0)))
DevTools listening on ws://127.0.0.1:53981/devtools/browser/6cffc2aa-00f2-423b-ac9c-276eac0bb506
ATTENTION: default value of option mesa_glthread overridden by environment.
JavaScript warning: https://static.xx.fbcdn.net/rsrc.php/v3ifbU4/yy/l/en_US/vPjrQDaHGGk.js?_nc_x=Ij3Wp8lg5Kz, line 38: WEBGL_debug_renderer_info is deprecated in Firefox and will be removed. Please use RENDERER.
console.warn: LoginRecipes: "Falling back to a synchronous message for: https://www.facebook.com."
console.warn: LoginRecipes: "Falling back to a synchronous message for: https://www.facebook.com."
ATTENTION: default value of option mesa_glthread overridden by environment.
JavaScript warning: https://static.xx.fbcdn.net/rsrc.php/v3iPDG4/y6/l/makehaste_jhash/DvSzu4x6CZH.js?_nc_x=NWMOTEfoJhg, line 154: WEBGL_debug_renderer_info is deprecated in Firefox and will be removed. Please use RENDERER.
1676228817937	geckodriver	INFO	Listening on 127.0.0.1:37805
1676228817996	mozrunner::runner	INFO	Running command: "/usr/bin/firefox" "--marionette" "--remote-debugging-port" "42109" "--remote-allow-hosts" "localhost" "-no-remote" "-profile" "/tmp/rust_mozprofileIyGXwG"
1676228818723	Marionette	INFO	Marionette enabled
1676228818729	Marionette	INFO	Listening on port 42683
Read port: 42683
WebDriver BiDi listening on ws://127.0.0.1:42109
1676228818913	RemoteAgent	WARN	TLS certificate errors will be ignored for this session
console.warn: SearchSettings: "get: No settings file exists, new profile?" (new NotFoundError("Could not open the file at /tmp/rust_mozprofileIyGXwG/search.json.mozlz4", (void 0)))
DevTools listening on ws://127.0.0.1:42109/devtools/browser/cdc40a27-da9e-44b0-a7f8-2cee022e2d62
ATTENTION: default value of option mesa_glthread overridden by environment.
JavaScript warning: https://static.xx.fbcdn.net/rsrc.php/v3ifbU4/yy/l/en_US/vPjrQDaHGGk.js?_nc_x=Ij3Wp8lg5Kz, line 38: WEBGL_debug_renderer_info is deprecated in Firefox and will be removed. Please use RENDERER.
console.warn: LoginRecipes: "Falling back to a synchronous message for: https://www.facebook.com."
console.warn: LoginRecipes: "Falling back to a synchronous message for: https://www.facebook.com."
ATTENTION: default value of option mesa_glthread overridden by environment.
JavaScript warning: https://static.xx.fbcdn.net/rsrc.php/v3iPDG4/y6/l/makehaste_jhash/DvSzu4x6CZH.js?_nc_x=NWMOTEfoJhg, line 154: WEBGL_debug_renderer_info is deprecated in Firefox and will be removed. Please use RENDERER.
1676229090308	geckodriver	INFO	Listening on 127.0.0.1:40651
1676229090452	mozrunner::runner	INFO	Running command: "/usr/bin/firefox" "--marionette" "--remote-debugging-port" "59423" "--remote-allow-hosts" "localhost" "-no-remote" "-profile" "/tmp/rust_mozprofile4SmPc4"
1676229091990	Marionette	INFO	Marionette enabled
1676229091995	Marionette	INFO	Listening on port 45593
Read port: 45593
WebDriver BiDi listening on ws://127.0.0.1:59423
1676229092571	RemoteAgent	WARN	TLS certificate errors will be ignored for this session
console.warn: SearchSettings: "get: No settings file exists, new profile?" (new NotFoundError("Could not open the file at /tmp/rust_mozprofile4SmPc4/search.json.mozlz4", (void 0)))
DevTools listening on ws://127.0.0.1:59423/devtools/browser/f5ef9c55-943e-468d-902c-21ccbed8470c
ATTENTION: default value of option mesa_glthread overridden by environment.
JavaScript warning: https://static.xx.fbcdn.net/rsrc.php/v3ifbU4/yy/l/en_US/vPjrQDaHGGk.js?_nc_x=Ij3Wp8lg5Kz, line 38: WEBGL_debug_renderer_info is deprecated in Firefox and will be removed. Please use RENDERER.
console.warn: LoginRecipes: "Falling back to a synchronous message for: https://www.facebook.com."
console.warn: LoginRecipes: "Falling back to a synchronous message for: https://www.facebook.com."
ATTENTION: default value of option mesa_glthread overridden by environment.
ATTENTION: default value of option mesa_glthread overridden by environment.
JavaScript warning: https://static.xx.fbcdn.net/rsrc.php/v3iPDG4/y6/l/makehaste_jhash/DvSzu4x6CZH.js?_nc_x=NWMOTEfoJhg, line 154: WEBGL_debug_renderer_info is deprecated in Firefox and will be removed. Please use RENDERER.
JavaScript warning: https://static.xx.fbcdn.net/rsrc.php/v3/yS/r/-5hHA1eX57E.js?_nc_x=NWMOTEfoJhg, line 47: Script terminated by timeout at:
E@https://static.xx.fbcdn.net/rsrc.php/v3/yS/r/-5hHA1eX57E.js?_nc_x=NWMOTEfoJhg:47:1468
k/<@https://static.xx.fbcdn.net/rsrc.php/v3i7Ix4/y_/l/makehaste_jhash/uIkiMGmEW4WOm3ptsYJMJNNySLRwvJlIyMlaFPz6rZetin9pRbaqVrc-lsPMpCNHLxxh0QiFgTRKn_IUP5KMyX0FB6HtLn7LEq88qBsDDHPGvCeQL6D2e3A7_aLJEXwQxXhqMkOU9_JobYsWKYvGBR7lY6OcdAh1sLqoUlOZUJaySMAWyTnh3gnqZOt0FSWwW8p4QsSy4Mq5zFbea.js?_nc_x=NWMOTEfoJhg:848:1658
next@https://static.xx.fbcdn.net/rsrc.php/v3i7Ix4/y_/l/makehaste_jhash/uIkiMGmEW4WOm3ptsYJMJNNySLRwvJlIyMlaFPz6rZetin9pRbaqVrc-lsPMpCNHLxxh0QiFgTRKn_IUP5KMyX0FB6HtLn7LEq88qBsDDHPGvCeQL6D2e3A7_aLJEXwQxXhqMkOU9_JobYsWKYvGBR7lY6OcdAh1sLqoUlOZUJaySMAWyTnh3gnqZOt0FSWwW8p4QsSy4Mq5zFbea.js?_nc_x=NWMOTEfoJhg:385:345
c.do/h</d/<@https://static.xx.fbcdn.net/rsrc.php/v3i7Ix4/y_/l/makehaste_jhash/uIkiMGmEW4WOm3ptsYJMJNNySLRwvJlIyMlaFPz6rZetin9pRbaqVrc-lsPMpCNHLxxh0QiFgTRKn_IUP5KMyX0FB6HtLn7LEq88qBsDDHPGvCeQL6D2e3A7_aLJEXwQxXhqMkOU9_JobYsWKYvGBR7lY6OcdAh1sLqoUlOZUJaySMAWyTnh3gnqZOt0FSWwW8p4QsSy4Mq5zFbea.js?_nc_x=NWMOTEfoJhg:372:981
next@https://static.xx.fbcdn.net/rsrc.php/v3i7Ix4/y_/l/makehaste_jhash/uIkiMGmEW4WOm3ptsYJMJNNySLRwvJlIyMlaFPz6rZetin9pRbaqVrc-lsPMpCNHLxxh0QiFgTRKn_IUP5KMyX0FB6HtLn7LEq88qBsDDHPGvCeQL6D2e3A7_aLJEXwQxXhqMkOU9_JobYsWKYvGBR7lY6OcdAh1sLqoUlOZUJaySMAWyTnh3gnqZOt0FSWwW8p4QsSy4Mq5zFbea.js?_nc_x=NWMOTEfoJhg:372:3345
c.do/h</d/<@https://static.xx.fbcdn.net/rsrc.php/v3i7Ix4/y_/l/makehaste_jhash/uIkiMGmEW4WOm3ptsYJMJNNySLRwvJlIyMlaFPz6rZetin9pRbaqVrc-lsPMpCNHLxxh0QiFgTRKn_IUP5KMyX0FB6HtLn7LEq88qBsDDHPGvCeQL6D2e3A7_aLJEXwQxXhqMkOU9_JobYsWKYvGBR7lY6OcdAh1sLqoUlOZUJaySMAWyTnh3gnqZOt0FSWwW8p4QsSy4Mq5zFbea.js?_nc_x=NWMOTEfoJhg:372:1028
next@https://static.xx.fbcdn.net/rsrc.php/v3i7Ix4/y_/l/makehaste_jhash/uIkiMGmEW4WOm3ptsYJMJNNySLRwvJlIyMlaFPz6rZetin9pRbaqVrc-lsPMpCNHLxxh0QiFgTRKn_IUP5KMyX0FB6HtLn7LEq88qBsDDHPGvCeQL6D2e3A7_aLJEXwQxXhqMkOU9_JobYsWKYvGBR7lY6OcdAh1sLqoUlOZUJaySMAWyTnh3gnqZOt0FSWwW8p4QsSy4Mq5zFbea.js?_nc_x=NWMOTEfoJhg:372:3345
c.do/h</d/<@https://static.xx.fbcdn.net/rsrc.php/v3i7Ix4/y_/l/makehaste_jhash/uIkiMGmEW4WOm3ptsYJMJNNySLRwvJlIyMlaFPz6rZetin9pRbaqVrc-lsPMpCNHLxxh0QiFgTRKn_IUP5KMyX0FB6HtLn7LEq88qBsDDHPGvCeQL6D2e3A7_aLJEXwQxXhqMkOU9_JobYsWKYvGBR7lY6OcdAh1sLqoUlOZUJaySMAWyTnh3gnqZOt0FSWwW8p4QsSy4Mq5zFbea.js?_nc_x=NWMOTEfoJhg:372:1028
next@https://static.xx.fbcdn.net/rsrc.php/v3i7Ix4/y_/l/makehaste_jhash/uIkiMGmEW4WOm3ptsYJMJNNySLRwvJlIyMlaFPz6rZetin9pRbaqVrc-lsPMpCNHLxxh0QiFgTRKn_IUP5KMyX0FB6HtLn7LEq88qBsDDHPGvCeQL6D2e3A7_aLJEXwQxXhqMkOU9_JobYsWKYvGBR7lY6OcdAh1sLqoUlOZUJaySMAWyTnh3gnqZOt0FSWwW8p4QsSy4Mq5zFbea.js?_nc_x=NWMOTEfoJhg:372:3345
next@https://static.xx.fbcdn.net/rsrc.php/v3i7Ix4/y_/l/makehaste_jhash/uIkiMGmEW4WOm3ptsYJMJNNySLRwvJlIyMlaFPz6rZetin9pRbaqVrc-lsPMpCNHLxxh0QiFgTRKn_IUP5KMyX0FB6HtLn7LEq88qBsDDHPGvCeQL6D2e3A7_aLJEXwQxXhqMkOU9_JobYsWKYvGBR7lY6OcdAh1sLqoUlOZUJaySMAWyTnh3gnqZOt0FSWwW8p4QsSy4Mq5zFbea.js?_nc_x=NWMOTEfoJhg:840:1237
next@https://static.xx.fbcdn.net/rsrc.php/v3i7Ix4/y_/l/makehaste_jhash/uIkiMGmEW4WOm3ptsYJMJNNySLRwvJlIyMlaFPz6rZetin9pRbaqVrc-lsPMpCNHLxxh0QiFgTRKn_IUP5KMyX0FB6HtLn7LEq88qBsDDHPGvCeQL6D2e3A7_aLJEXwQxXhqMkOU9_JobYsWKYvGBR7lY6OcdAh1sLqoUlOZUJaySMAWyTnh3gnqZOt0FSWwW8p4QsSy4Mq5zFbea.js?_nc_x=NWMOTEfoJhg:372:3345
next@https://static.xx.fbcdn.net/rsrc.php/v3i7Ix4/y_/l/makehaste_jhash/uIkiMGmEW4WOm3ptsYJMJNNySLRwvJlIyMlaFPz6rZetin9pRbaqVrc-lsPMpCNHLxxh0QiFgTRKn_IUP5KMyX0FB6HtLn7LEq88qBsDDHPGvCeQL6D2e3A7_aLJEXwQxXhqMkOU9_JobYsWKYvGBR7lY6OcdAh1sLqoUlOZUJaySMAWyTnh3gnqZOt0FSWwW8p4QsSy4Mq5zFbea.js?_nc_x=NWMOTEfoJhg:372:3345
next@https://static.xx.fbcdn.net/rsrc.php/v3i7Ix4/y_/l/makehaste_jhash/uIkiMGmEW4WOm3ptsYJMJNNySLRwvJlIyMlaFPz6rZetin9pRbaqVrc-lsPMpCNHLxxh0QiFgTRKn_IUP5KMyX0FB6HtLn7LEq88qBsDDHPGvCeQL6D2e3A7_aLJEXwQxXhqMkOU9_JobYsWKYvGBR7lY6OcdAh1sLqoUlOZUJaySMAWyTnh3gnqZOt0FSWwW8p4QsSy4Mq5zFbea.js?_nc_x=NWMOTEfoJhg:372:3345
y/</next/<@https://static.xx.fbcdn.net/rsrc.php/v3i7Ix4/y_/l/makehaste_jhash/uIkiMGmEW4WOm3ptsYJMJNNySLRwvJlIyMlaFPz6rZetin9pRbaqVrc-lsPMpCNHLxxh0QiFgTRKn_IUP5KMyX0FB6HtLn7LEq88qBsDDHPGvCeQL6D2e3A7_aLJEXwQxXhqMkOU9_JobYsWKYvGBR7lY6OcdAh1sLqoUlOZUJaySMAWyTnh3gnqZOt0FSWwW8p4QsSy4Mq5zFbea.js?_nc_x=NWMOTEfoJhg:577:7349
d@https://static.xx.fbcdn.net/rsrc.php/v3i7Ix4/y_/l/makehaste_jhash/uIkiMGmEW4WOm3ptsYJMJNNySLRwvJlIyMlaFPz6rZetin9pRbaqVrc-lsPMpCNHLxxh0QiFgTRKn_IUP5KMyX0FB6HtLn7LEq88qBsDDHPGvCeQL6D2e3A7_aLJEXwQxXhqMkOU9_JobYsWKYvGBR7lY6OcdAh1sLqoUlOZUJaySMAWyTnh3gnqZOt0FSWwW8p4QsSy4Mq5zFbea.js?_nc_x=NWMOTEfoJhg:564:402
a/c/<@https://static.xx.fbcdn.net/rsrc.php/v3i7Ix4/y_/l/makehaste_jhash/uIkiMGmEW4WOm3ptsYJMJNNySLRwvJlIyMlaFPz6rZetin9pRbaqVrc-lsPMpCNHLxxh0QiFgTRKn_IUP5KMyX0FB6HtLn7LEq88qBsDDHPGvCeQL6D2e3A7_aLJEXwQxXhqMkOU9_JobYsWKYvGBR7lY6OcdAh1sLqoUlOZUJaySMAWyTnh3gnqZOt0FSWwW8p4QsSy4Mq5zFbea.js?_nc_x=NWMOTEfoJhg:565:315
g.unstable_runWithPriority@https://static.xx.fbcdn.net/rsrc.php/v3/yS/r/-5hHA1eX57E.js?_nc_x=NWMOTEfoJhg:223:4891
getUserBlockingRunAtCurrentPriCallbackScheduler_DO_NOT_USE/</<@https://static.xx.fbcdn.net/rsrc.php/v3/yS/r/-5hHA1eX57E.js?_nc_x=NWMOTEfoJhg:227:1227
applyWithGuard@https://static.xx.fbcdn.net/rsrc.php/v3/yS/r/-5hHA1eX57E.js?_nc_x=NWMOTEfoJhg:59:10128
c@https://static.xx.fbcdn.net/rsrc.php/v3/yS/r/-5hHA1eX57E.js?_nc_x=NWMOTEfoJhg:59:10862
Q@https://static.xx.fbcdn.net/rsrc.php/v3/yS/r/-5hHA1eX57E.js?_nc_x=NWMOTEfoJhg:223:2946
P@https://static.xx.fbcdn.net/rsrc.php/v3/yS/r/-5hHA1eX57E.js?_nc_x=NWMOTEfoJhg:223:2615
Y@https://static.xx.fbcdn.net/rsrc.php/v3/yS/r/-5hHA1eX57E.js?_nc_x=NWMOTEfoJhg:223:3465

JavaScript warning: https://static.xx.fbcdn.net/rsrc.php/v3iPDG4/y6/l/makehaste_jhash/DvSzu4x6CZH.js?_nc_x=NWMOTEfoJhg, line 154: WEBGL_debug_renderer_info is deprecated in Firefox and will be removed. Please use RENDERER.
1676229248219	Marionette	INFO	Stopped listening on port 38189
1676229249781	Marionette	INFO	Stopped listening on port 45593
1676229251150	Marionette	INFO	Stopped listening on port 39857
1676229252282	Marionette	INFO	Stopped listening on port 42683
1676229255920	Marionette	INFO	Stopped listening on port 44503
